<?xml version="1.0" encoding="UTF-8"?>
<testsuites>
  <testsuite name="Application Test Suite" tests="1" assertions="1" failures="1" errors="0" time="0.643326">
    <testsuite name="TasksControllerTest" file="/home/oscar/Code/laravel/todosBackend/tests/TasksControllerTest.php" tests="1" assertions="1" failures="1" errors="0" time="0.643326">
      <testcase name="testAuthorizedIndex" class="TasksControllerTest" file="/home/oscar/Code/laravel/todosBackend/tests/TasksControllerTest.php" line="18" assertions="1" time="0.643326">
        <failure type="PHPUnit_Framework_ExpectationFailedException">TasksControllerTest::testAuthorizedIndex
Expected status code 200, got 500.
Failed asserting that false is true.

/home/oscar/Code/laravel/todosBackend/vendor/laravel/framework/src/Illuminate/Foundation/Testing/Concerns/MakesHttpRequests.php:730
/home/oscar/Code/laravel/todosBackend/tests/TasksControllerTest.php:26
/home/oscar/.composer/vendor/phpunit/phpunit/src/TextUI/Command.php:185
/home/oscar/.composer/vendor/phpunit/phpunit/src/TextUI/Command.php:115
</failure>
      </testcase>
    </testsuite>
  </testsuite>
</testsuites>
